# JRE version: OpenJDK Runtime Environment (11.0.10) (build 11.0.10+0-b96-7249189)
# Java VM: OpenJDK 64-Bit Server VM (11.0.10+0-b96-7249189, mixed mode, tiered, compressed oops, g1 gc, windows-amd64)
Heap:
 garbage-first heap   total 227328K, used 148900K [0x0000000080000000, 0x0000000100000000)
  region size 1024K, 45 young (46080K), 1 survivors (1024K)
 Metaspace       used 105963K, capacity 108245K, committed 108540K, reserved 1144832K
  class space    used 13002K, capacity 13845K, committed 13952K, reserved 1048576K
GC Heap History (20 events):
Event: 39.922 GC heap before
{Heap before GC invocations=30 (full 0):
 garbage-first heap   total 189440K, used 150160K [0x0000000080000000, 0x0000000100000000)
  region size 1024K, 65 young (66560K), 7 survivors (7168K)
 Metaspace       used 93260K, capacity 95397K, committed 95612K, reserved 1132544K
  class space    used 11915K, capacity 12757K, committed 12800K, reserved 1048576K
}
Event: 39.948 GC heap after
{Heap after GC invocations=31 (full 0):
 garbage-first heap   total 189440K, used 103065K [0x0000000080000000, 0x0000000100000000)
  region size 1024K, 9 young (9216K), 9 survivors (9216K)
 Metaspace       used 93260K, capacity 95397K, committed 95612K, reserved 1132544K
  class space    used 11915K, capacity 12757K, committed 12800K, reserved 1048576K
}
Event: 40.286 GC heap before
{Heap before GC invocations=31 (full 0):
 garbage-first heap   total 189440K, used 117401K [0x0000000080000000, 0x0000000100000000)
  region size 1024K, 25 young (25600K), 9 survivors (9216K)
 Metaspace       used 95470K, capacity 97696K, committed 97916K, reserved 1134592K
  class space    used 12133K, capacity 12983K, committed 13056K, reserved 1048576K
}
Event: 40.318 GC heap after
{Heap after GC invocations=32 (full 0):
 garbage-first heap   total 189440K, used 106358K [0x0000000080000000, 0x0000000100000000)
  region size 1024K, 3 young (3072K), 3 survivors (3072K)
 Metaspace       used 95470K, capacity 97696K, committed 97916K, reserved 1134592K
  class space    used 12133K, capacity 12983K, committed 13056K, reserved 1048576K
}
Event: 41.700 GC heap before
{Heap before GC invocations=33 (full 0):
 garbage-first heap   total 189440K, used 147318K [0x0000000080000000, 0x0000000100000000)
  region size 1024K, 36 young (36864K), 3 survivors (3072K)
 Metaspace       used 96763K, capacity 98931K, committed 99324K, reserved 1136640K
  class space    used 12232K, capacity 13067K, committed 13184K, reserved 1048576K
}
Event: 41.719 GC heap after
{Heap after GC invocations=34 (full 0):
 garbage-first heap   total 189440K, used 110592K [0x0000000080000000, 0x0000000100000000)
  region size 1024K, 5 young (5120K), 5 survivors (5120K)
 Metaspace       used 96763K, capacity 98931K, committed 99324K, reserved 1136640K
  class space    used 12232K, capacity 13067K, committed 13184K, reserved 1048576K
}
Event: 42.359 GC heap before
{Heap before GC invocations=34 (full 0):
 garbage-first heap   total 189440K, used 144384K [0x0000000080000000, 0x0000000100000000)
  region size 1024K, 38 young (38912K), 5 survivors (5120K)
 Metaspace       used 99460K, capacity 101685K, committed 101884K, reserved 1138688K
  class space    used 12519K, capacity 13364K, committed 13440K, reserved 1048576K
}
Event: 42.374 GC heap after
{Heap after GC invocations=35 (full 0):
 garbage-first heap   total 227328K, used 112218K [0x0000000080000000, 0x0000000100000000)
  region size 1024K, 2 young (2048K), 2 survivors (2048K)
 Metaspace       used 99460K, capacity 101685K, committed 101884K, reserved 1138688K
  class space    used 12519K, capacity 13364K, committed 13440K, reserved 1048576K
}
Event: 43.319 GC heap before
{Heap before GC invocations=36 (full 0):
 garbage-first heap   total 227328K, used 159322K [0x0000000080000000, 0x0000000100000000)
  region size 1024K, 49 young (50176K), 2 survivors (2048K)
 Metaspace       used 99582K, capacity 101845K, committed 102268K, reserved 1138688K
  class space    used 12519K, capacity 13396K, committed 13568K, reserved 1048576K
}
Event: 43.322 GC heap after
{Heap after GC invocations=37 (full 0):
 garbage-first heap   total 227328K, used 111021K [0x0000000080000000, 0x0000000100000000)
  region size 1024K, 2 young (2048K), 2 survivors (2048K)
 Metaspace       used 99582K, capacity 101845K, committed 102268K, reserved 1138688K
  class space    used 12519K, capacity 13396K, committed 13568K, reserved 1048576K
}
Event: 43.901 GC heap before
{Heap before GC invocations=37 (full 0):
 garbage-first heap   total 227328K, used 163245K [0x0000000080000000, 0x0000000100000000)
  region size 1024K, 53 young (54272K), 2 survivors (2048K)
 Metaspace       used 99688K, capacity 101913K, committed 102268K, reserved 1138688K
  class space    used 12525K, capacity 13397K, committed 13568K, reserved 1048576K
}
Event: 43.906 GC heap after
{Heap after GC invocations=38 (full 0):
 garbage-first heap   total 227328K, used 111417K [0x0000000080000000, 0x0000000100000000)
  region size 1024K, 2 young (2048K), 2 survivors (2048K)
 Metaspace       used 99688K, capacity 101913K, committed 102268K, reserved 1138688K
  class space    used 12525K, capacity 13397K, committed 13568K, reserved 1048576K
}
Event: 45.002 GC heap before
{Heap before GC invocations=39 (full 0):
 garbage-first heap   total 227328K, used 167737K [0x0000000080000000, 0x0000000100000000)
  region size 1024K, 57 young (58368K), 2 survivors (2048K)
 Metaspace       used 99864K, capacity 102111K, committed 102524K, reserved 1138688K
  class space    used 12533K, capacity 13399K, committed 13568K, reserved 1048576K
}
Event: 45.013 GC heap after
{Heap after GC invocations=40 (full 0):
 garbage-first heap   total 227328K, used 115083K [0x0000000080000000, 0x0000000100000000)
  region size 1024K, 6 young (6144K), 6 survivors (6144K)
 Metaspace       used 99864K, capacity 102111K, committed 102524K, reserved 1138688K
  class space    used 12533K, capacity 13399K, committed 13568K, reserved 1048576K
}
Event: 45.023 GC heap before
{Heap before GC invocations=40 (full 0):
 garbage-first heap   total 227328K, used 116107K [0x0000000080000000, 0x0000000100000000)
  region size 1024K, 8 young (8192K), 6 survivors (6144K)
 Metaspace       used 99864K, capacity 102111K, committed 102524K, reserved 1138688K
  class space    used 12533K, capacity 13399K, committed 13568K, reserved 1048576K
}
Event: 45.032 GC heap after
{Heap after GC invocations=41 (full 0):
 garbage-first heap   total 227328K, used 116438K [0x0000000080000000, 0x0000000100000000)
  region size 1024K, 6 young (6144K), 6 survivors (6144K)
 Metaspace       used 99864K, capacity 102111K, committed 102524K, reserved 1138688K
  class space    used 12533K, capacity 13399K, committed 13568K, reserved 1048576K
}
Event: 46.182 GC heap before
{Heap before GC invocations=42 (full 0):
 garbage-first heap   total 227328K, used 190166K [0x0000000080000000, 0x0000000100000000)
  region size 1024K, 64 young (65536K), 6 survivors (6144K)
 Metaspace       used 103675K, capacity 105863K, committed 106108K, reserved 1142784K
  class space    used 12832K, capacity 13670K, committed 13824K, reserved 1048576K
}
Event: 46.193 GC heap after
{Heap after GC invocations=43 (full 0):
 garbage-first heap   total 227328K, used 118364K [0x0000000080000000, 0x0000000100000000)
  region size 1024K, 7 young (7168K), 7 survivors (7168K)
 Metaspace       used 103675K, capacity 105863K, committed 106108K, reserved 1142784K
  class space    used 12832K, capacity 13670K, committed 13824K, reserved 1048576K
}
Event: 47.486 GC heap before
{Heap before GC invocations=43 (full 0):
 garbage-first heap   total 227328K, used 176732K [0x0000000080000000, 0x0000000100000000)
  region size 1024K, 65 young (66560K), 7 survivors (7168K)
 Metaspace       used 104725K, capacity 106951K, committed 107132K, reserved 1142784K
  class space    used 12900K, capacity 13734K, committed 13824K, reserved 1048576K
}
Event: 47.494 GC heap after
{Heap after GC invocations=44 (full 0):
 garbage-first heap   total 227328K, used 116132K [0x0000000080000000, 0x0000000100000000)
  region size 1024K, 1 young (1024K), 1 survivors (1024K)
 Metaspace       used 104725K, capacity 106951K, committed 107132K, reserved 1142784K
  class space    used 12900K, capacity 13734K, committed 13824K, reserved 1048576K
}

